[19-Jan-2025 00:51:04 Europe/Copenhagen] PHP Fatal error:  Uncaught Error: Call to a member function update() on null in C:\Ampps\www\terminal\app\Host\HostService.php:228
Stack trace:
#0 C:\Ampps\www\terminal\app\Host\HostController.php(177): App\Host\HostService::logoff()
#1 [internal function]: App\Host\HostController->logoff()
#2 C:\Ampps\www\terminal\src\Router.php(91): call_user_func()
#3 C:\Ampps\www\terminal\public\index.php(21): Lib\Router->run()
#4 {main}
  thrown in C:\Ampps\www\terminal\app\Host\HostService.php on line 228
[19-Jan-2025 00:56:50 Europe/Copenhagen] PHP Fatal error:  Uncaught Error: Call to a member function update() on null in C:\Ampps\www\terminal\app\Host\HostService.php:171
Stack trace:
#0 C:\Ampps\www\terminal\app\Host\HostService.php(238): App\Host\HostService::attempt()
#1 C:\Ampps\www\terminal\app\Host\HostController.php(177): App\Host\HostService::logoff()
#2 [internal function]: App\Host\HostController->logoff()
#3 C:\Ampps\www\terminal\src\Router.php(91): call_user_func()
#4 C:\Ampps\www\terminal\public\index.php(21): Lib\Router->run()
#5 {main}
  thrown in C:\Ampps\www\terminal\app\Host\HostService.php on line 171
[19-Jan-2025 01:00:37 Europe/Copenhagen] PHP Fatal error:  Uncaught Error: Call to a member function update() on null in C:\Ampps\www\terminal\app\Host\HostService.php:172
Stack trace:
#0 C:\Ampps\www\terminal\app\Host\HostService.php(239): App\Host\HostService::attempt()
#1 C:\Ampps\www\terminal\app\Host\HostController.php(177): App\Host\HostService::logoff()
#2 [internal function]: App\Host\HostController->logoff()
#3 C:\Ampps\www\terminal\src\Router.php(91): call_user_func()
#4 C:\Ampps\www\terminal\public\index.php(21): Lib\Router->run()
#5 {main}
  thrown in C:\Ampps\www\terminal\app\Host\HostService.php on line 172
[19-Jan-2025 01:07:37 Europe/Copenhagen] PHP Fatal error:  Uncaught BadMethodCallException: Call to undefined method App\User\UserModel::pivot() in C:\Ampps\www\terminal\vendor\illuminate\support\Traits\ForwardsCalls.php:67
Stack trace:
#0 C:\Ampps\www\terminal\vendor\illuminate\support\Traits\ForwardsCalls.php(36): Illuminate\Database\Eloquent\Model::throwBadMethodCallException()
#1 C:\Ampps\www\terminal\vendor\illuminate\database\Eloquent\Model.php(2367): Illuminate\Database\Eloquent\Model->forwardCallTo()
#2 C:\Ampps\www\terminal\app\System\SystemController.php(249): Illuminate\Database\Eloquent\Model->__call()
#3 C:\Ampps\www\terminal\app\System\SystemController.php(163): App\System\SystemController->host()
#4 [internal function]: App\System\SystemController->welcome()
#5 C:\Ampps\www\terminal\src\Router.php(91): call_user_func()
#6 C:\Ampps\www\terminal\public\index.php(21): Lib\Router->run()
#7 {main}
  thrown in C:\Ampps\www\terminal\vendor\illuminate\support\Traits\ForwardsCalls.php on line 67
[19-Jan-2025 09:39:30 Europe/Copenhagen] PHP Fatal error:  Uncaught Exception: Method unlink not found in controller App\User\UserController in C:\Ampps\www\terminal\src\Router.php:93
Stack trace:
#0 C:\Ampps\www\terminal\public\index.php(21): Lib\Router->run()
#1 {main}
  thrown in C:\Ampps\www\terminal\src\Router.php on line 93
[19-Jan-2025 09:39:51 Europe/Copenhagen] PHP Fatal error:  Uncaught Exception: Method unlink not found in controller App\User\UserController in C:\Ampps\www\terminal\src\Router.php:93
Stack trace:
#0 C:\Ampps\www\terminal\public\index.php(21): Lib\Router->run()
#1 {main}
  thrown in C:\Ampps\www\terminal\src\Router.php on line 93
[19-Jan-2025 09:39:56 Europe/Copenhagen] PHP Fatal error:  Uncaught Exception: Method unlink not found in controller App\User\UserController in C:\Ampps\www\terminal\src\Router.php:93
Stack trace:
#0 C:\Ampps\www\terminal\public\index.php(21): Lib\Router->run()
#1 {main}
  thrown in C:\Ampps\www\terminal\src\Router.php on line 93
[19-Jan-2025 09:40:11 Europe/Copenhagen] PHP Fatal error:  Uncaught Exception: Method unlink not found in controller App\User\UserController in C:\Ampps\www\terminal\src\Router.php:93
Stack trace:
#0 C:\Ampps\www\terminal\public\index.php(21): Lib\Router->run()
#1 {main}
  thrown in C:\Ampps\www\terminal\src\Router.php on line 93
[19-Jan-2025 15:29:59 Europe/Copenhagen] PHP Fatal error:  Uncaught PDOException: SQLSTATE[HY000] [1049] Unknown database 'terminal' in D:\Ampps\www\terminal\vendor\illuminate\database\Connectors\Connector.php:66
Stack trace:
#0 D:\Ampps\www\terminal\vendor\illuminate\database\Connectors\Connector.php(66): PDO->__construct()
#1 D:\Ampps\www\terminal\vendor\illuminate\database\Connectors\Connector.php(44): Illuminate\Database\Connectors\Connector->createPdoConnection()
#2 D:\Ampps\www\terminal\vendor\illuminate\database\Connectors\MySqlConnector.php(24): Illuminate\Database\Connectors\Connector->createConnection()
#3 D:\Ampps\www\terminal\vendor\illuminate\database\Connectors\ConnectionFactory.php(185): Illuminate\Database\Connectors\MySqlConnector->connect()
#4 [internal function]: Illuminate\Database\Connectors\ConnectionFactory->Illuminate\Database\Connectors\{closure}()
#5 D:\Ampps\www\terminal\vendor\illuminate\database\Connection.php(1231): call_user_func()
#6 D:\Ampps\www\terminal\vendor\illuminate\database\Connection.php(1267): Illuminate\Database\Connection->getPdo()
#7 D:\Ampps\www\terminal\vendor\illuminate\database\Connection.php(512): Illuminate\Database\Connection->getReadPdo()
#8 D:\Ampps\www\terminal\vendor\illuminate\database\Connection.php(407): Illuminate\Database\Connection->getPdoForSelect()
#9 D:\Ampps\www\terminal\vendor\illuminate\database\Connection.php(812): Illuminate\Database\Connection->Illuminate\Database\{closure}()
#10 D:\Ampps\www\terminal\vendor\illuminate\database\Connection.php(779): Illuminate\Database\Connection->runQueryCallback()
#11 D:\Ampps\www\terminal\vendor\illuminate\database\Connection.php(398): Illuminate\Database\Connection->run()
#12 D:\Ampps\www\terminal\vendor\illuminate\database\Query\Builder.php(3130): Illuminate\Database\Connection->select()
#13 D:\Ampps\www\terminal\vendor\illuminate\database\Query\Builder.php(3115): Illuminate\Database\Query\Builder->runSelect()
#14 D:\Ampps\www\terminal\vendor\illuminate\database\Query\Builder.php(3703): Illuminate\Database\Query\Builder->Illuminate\Database\Query\{closure}()
#15 D:\Ampps\www\terminal\vendor\illuminate\database\Query\Builder.php(3114): Illuminate\Database\Query\Builder->onceWithColumns()
#16 D:\Ampps\www\terminal\vendor\illuminate\database\Query\Builder.php(3630): Illuminate\Database\Query\Builder->get()
#17 D:\Ampps\www\terminal\vendor\illuminate\database\Query\Builder.php(3558): Illuminate\Database\Query\Builder->aggregate()
#18 D:\Ampps\www\terminal\vendor\illuminate\database\Eloquent\Builder.php(2038): Illuminate\Database\Query\Builder->count()
#19 D:\Ampps\www\terminal\app\System\Help\HelpController.php(24): Illuminate\Database\Eloquent\Builder->__call()
#20 D:\Ampps\www\terminal\app\System\Help\HelpController.php(83): App\System\Help\HelpController->cmd()
#21 [internal function]: App\System\Help\HelpController->visitor()
#22 D:\Ampps\www\terminal\src\Router.php(91): call_user_func()
#23 D:\Ampps\www\terminal\public\index.php(21): Lib\Router->run()
#24 {main}

Next Illuminate\Database\QueryException: SQLSTATE[HY000] [1049] Unknown database 'terminal' (Connection: default, SQL: select count(*) as aggregate from `help` where `is_visitor` = 1) in D:\Ampps\www\terminal\vendor\illuminate\database\Connection.php:825
Stack trace:
#0 D:\Ampps\www\terminal\vendor\illuminate\database\Connection.php(779): Illuminate\Database\Connection->runQueryCallback()
#1 D:\Ampps\www\terminal\vendor\illuminate\database\Connection.php(398): Illuminate\Database\Connection->run()
#2 D:\Ampps\www\terminal\vendor\illuminate\database\Query\Builder.php(3130): Illuminate\Database\Connection->select()
#3 D:\Ampps\www\terminal\vendor\illuminate\database\Query\Builder.php(3115): Illuminate\Database\Query\Builder->runSelect()
#4 D:\Ampps\www\terminal\vendor\illuminate\database\Query\Builder.php(3703): Illuminate\Database\Query\Builder->Illuminate\Database\Query\{closure}()
#5 D:\Ampps\www\terminal\vendor\illuminate\database\Query\Builder.php(3114): Illuminate\Database\Query\Builder->onceWithColumns()
#6 D:\Ampps\www\terminal\vendor\illuminate\database\Query\Builder.php(3630): Illuminate\Database\Query\Builder->get()
#7 D:\Ampps\www\terminal\vendor\illuminate\database\Query\Builder.php(3558): Illuminate\Database\Query\Builder->aggregate()
#8 D:\Ampps\www\terminal\vendor\illuminate\database\Eloquent\Builder.php(2038): Illuminate\Database\Query\Builder->count()
#9 D:\Ampps\www\terminal\app\System\Help\HelpController.php(24): Illuminate\Database\Eloquent\Builder->__call()
#10 D:\Ampps\www\terminal\app\System\Help\HelpController.php(83): App\System\Help\HelpController->cmd()
#11 [internal function]: App\System\Help\HelpController->visitor()
#12 D:\Ampps\www\terminal\src\Router.php(91): call_user_func()
#13 D:\Ampps\www\terminal\public\index.php(21): Lib\Router->run()
#14 {main}
  thrown in D:\Ampps\www\terminal\vendor\illuminate\database\Connection.php on line 825
